[2016-02-17 10:24:10,670][DEBUG][org.elasticsearch.plugins] [Conrad Josten] [/Users/hemed/Documents/Development/marcus-blackbox/plugins] directory does not exist.
[2016-02-17 10:24:10,672][DEBUG][org.elasticsearch.plugins] [Conrad Josten] [/Users/hemed/Documents/Development/marcus-blackbox/plugins] directory does not exist.
[2016-02-17 10:24:10,672][INFO ][org.elasticsearch.plugins] [Conrad Josten] loaded [], sites []
[2016-02-17 10:24:10,701][DEBUG][org.elasticsearch.common.compress.lzf] using encoder [VanillaChunkDecoder] and decoder[{}] 
[2016-02-17 10:24:10,709][DEBUG][org.elasticsearch.threadpool] [Conrad Josten] creating thread_pool [generic], type [cached], keep_alive [30s]
[2016-02-17 10:24:10,718][DEBUG][org.elasticsearch.threadpool] [Conrad Josten] creating thread_pool [index], type [fixed], size [8], queue_size [200]
[2016-02-17 10:24:10,719][DEBUG][org.elasticsearch.threadpool] [Conrad Josten] creating thread_pool [bulk], type [fixed], size [8], queue_size [50]
[2016-02-17 10:24:10,720][DEBUG][org.elasticsearch.threadpool] [Conrad Josten] creating thread_pool [get], type [fixed], size [8], queue_size [1k]
[2016-02-17 10:24:10,720][DEBUG][org.elasticsearch.threadpool] [Conrad Josten] creating thread_pool [search], type [fixed], size [13], queue_size [1k]
[2016-02-17 10:24:10,720][DEBUG][org.elasticsearch.threadpool] [Conrad Josten] creating thread_pool [suggest], type [fixed], size [8], queue_size [1k]
[2016-02-17 10:24:10,720][DEBUG][org.elasticsearch.threadpool] [Conrad Josten] creating thread_pool [percolate], type [fixed], size [8], queue_size [1k]
[2016-02-17 10:24:10,720][DEBUG][org.elasticsearch.threadpool] [Conrad Josten] creating thread_pool [management], type [scaling], min [1], size [5], keep_alive [5m]
[2016-02-17 10:24:10,721][DEBUG][org.elasticsearch.threadpool] [Conrad Josten] creating thread_pool [listener], type [fixed], size [4], queue_size [null]
[2016-02-17 10:24:10,721][DEBUG][org.elasticsearch.threadpool] [Conrad Josten] creating thread_pool [flush], type [scaling], min [1], size [4], keep_alive [5m]
[2016-02-17 10:24:10,721][DEBUG][org.elasticsearch.threadpool] [Conrad Josten] creating thread_pool [merge], type [scaling], min [1], size [4], keep_alive [5m]
[2016-02-17 10:24:10,721][DEBUG][org.elasticsearch.threadpool] [Conrad Josten] creating thread_pool [refresh], type [scaling], min [1], size [4], keep_alive [5m]
[2016-02-17 10:24:10,721][DEBUG][org.elasticsearch.threadpool] [Conrad Josten] creating thread_pool [warmer], type [scaling], min [1], size [4], keep_alive [5m]
[2016-02-17 10:24:10,722][DEBUG][org.elasticsearch.threadpool] [Conrad Josten] creating thread_pool [snapshot], type [scaling], min [1], size [4], keep_alive [5m]
[2016-02-17 10:24:10,722][DEBUG][org.elasticsearch.threadpool] [Conrad Josten] creating thread_pool [optimize], type [fixed], size [1], queue_size [null]
[2016-02-17 10:24:10,722][DEBUG][org.elasticsearch.threadpool] [Conrad Josten] creating thread_pool [fetch_shard_started], type [scaling], min [1], size [16], keep_alive [5m]
[2016-02-17 10:24:10,722][DEBUG][org.elasticsearch.threadpool] [Conrad Josten] creating thread_pool [fetch_shard_store], type [scaling], min [1], size [16], keep_alive [5m]
[2016-02-17 10:24:11,220][DEBUG][org.elasticsearch.common.netty] using gathering [true]
[2016-02-17 10:24:11,225][DEBUG][org.elasticsearch.client.transport] [Conrad Josten] node_sampler_interval[5s]
[2016-02-17 10:24:11,248][DEBUG][org.elasticsearch.netty.channel.socket.nio.SelectorUtil] Using select timeout of 500
[2016-02-17 10:24:11,248][DEBUG][org.elasticsearch.netty.channel.socket.nio.SelectorUtil] Epoll-bug workaround enabled = false
[2016-02-17 10:24:11,280][DEBUG][org.elasticsearch.client.transport] [Conrad Josten] adding address [[#transport#-1][pc-116-196.eduroam.uib.no][inet[pc-116-196.eduroam.uib.no/129.177.116.196:9300]]]
[2016-02-17 10:24:11,355][DEBUG][org.elasticsearch.transport.netty] [Conrad Josten] connected to node [[#transport#-1][pc-116-196.eduroam.uib.no][inet[pc-116-196.eduroam.uib.no/129.177.116.196:9300]]]
[2016-02-17 10:24:11,462][DEBUG][org.elasticsearch.transport.netty] [Conrad Josten] connected to node [[Elfqueen][N2aZDjLLQ86Z9ffedUtrEw][pc-116-196.eduroam.uib.no][inet[pc-116-196.eduroam.uib.no/129.177.116.196:9300]]]
[2016-02-17 10:24:11,515][INFO ][no.uib.marcus.search.client.ClientFactory] Connected to Elasticsearch cluster: {
  "cluster_name" : "elasticsearch",
  "status" : "yellow",
  "timed_out" : false,
  "number_of_nodes" : 1,
  "number_of_data_nodes" : 1,
  "active_primary_shards" : 6,
  "active_shards" : 6,
  "relocating_shards" : 0,
  "initializing_shards" : 0,
  "unassigned_shards" : 6,
  "delayed_unassigned_shards" : 0,
  "number_of_pending_tasks" : 0,
  "number_of_in_flight_fetch" : 0
}
[2016-02-17 10:24:11,518][INFO ][no.uib.marcus.search.Suggestion] Suggest requestorg.elasticsearch.action.suggest.SuggestRequestBuilder@2c07545f
[2016-02-17 10:24:11,531][ERROR][no.uib.marcus.search.Suggestion] 
[2016-02-17 10:24:11,531][INFO ][no.uib.marcus.search.Suggestion] []
[2016-02-17 10:25:56,148][DEBUG][org.elasticsearch.plugins] [Zzzax] [/Users/hemed/Documents/Development/marcus-blackbox/plugins] directory does not exist.
[2016-02-17 10:25:56,149][DEBUG][org.elasticsearch.plugins] [Zzzax] [/Users/hemed/Documents/Development/marcus-blackbox/plugins] directory does not exist.
[2016-02-17 10:25:56,149][INFO ][org.elasticsearch.plugins] [Zzzax] loaded [], sites []
[2016-02-17 10:25:56,173][DEBUG][org.elasticsearch.common.compress.lzf] using encoder [VanillaChunkDecoder] and decoder[{}] 
[2016-02-17 10:25:56,180][DEBUG][org.elasticsearch.threadpool] [Zzzax] creating thread_pool [generic], type [cached], keep_alive [30s]
[2016-02-17 10:25:56,187][DEBUG][org.elasticsearch.threadpool] [Zzzax] creating thread_pool [index], type [fixed], size [8], queue_size [200]
[2016-02-17 10:25:56,190][DEBUG][org.elasticsearch.threadpool] [Zzzax] creating thread_pool [bulk], type [fixed], size [8], queue_size [50]
[2016-02-17 10:25:56,190][DEBUG][org.elasticsearch.threadpool] [Zzzax] creating thread_pool [get], type [fixed], size [8], queue_size [1k]
[2016-02-17 10:25:56,190][DEBUG][org.elasticsearch.threadpool] [Zzzax] creating thread_pool [search], type [fixed], size [13], queue_size [1k]
[2016-02-17 10:25:56,190][DEBUG][org.elasticsearch.threadpool] [Zzzax] creating thread_pool [suggest], type [fixed], size [8], queue_size [1k]
[2016-02-17 10:25:56,190][DEBUG][org.elasticsearch.threadpool] [Zzzax] creating thread_pool [percolate], type [fixed], size [8], queue_size [1k]
[2016-02-17 10:25:56,190][DEBUG][org.elasticsearch.threadpool] [Zzzax] creating thread_pool [management], type [scaling], min [1], size [5], keep_alive [5m]
[2016-02-17 10:25:56,191][DEBUG][org.elasticsearch.threadpool] [Zzzax] creating thread_pool [listener], type [fixed], size [4], queue_size [null]
[2016-02-17 10:25:56,191][DEBUG][org.elasticsearch.threadpool] [Zzzax] creating thread_pool [flush], type [scaling], min [1], size [4], keep_alive [5m]
[2016-02-17 10:25:56,191][DEBUG][org.elasticsearch.threadpool] [Zzzax] creating thread_pool [merge], type [scaling], min [1], size [4], keep_alive [5m]
[2016-02-17 10:25:56,191][DEBUG][org.elasticsearch.threadpool] [Zzzax] creating thread_pool [refresh], type [scaling], min [1], size [4], keep_alive [5m]
[2016-02-17 10:25:56,191][DEBUG][org.elasticsearch.threadpool] [Zzzax] creating thread_pool [warmer], type [scaling], min [1], size [4], keep_alive [5m]
[2016-02-17 10:25:56,191][DEBUG][org.elasticsearch.threadpool] [Zzzax] creating thread_pool [snapshot], type [scaling], min [1], size [4], keep_alive [5m]
[2016-02-17 10:25:56,192][DEBUG][org.elasticsearch.threadpool] [Zzzax] creating thread_pool [optimize], type [fixed], size [1], queue_size [null]
[2016-02-17 10:25:56,192][DEBUG][org.elasticsearch.threadpool] [Zzzax] creating thread_pool [fetch_shard_started], type [scaling], min [1], size [16], keep_alive [5m]
[2016-02-17 10:25:56,192][DEBUG][org.elasticsearch.threadpool] [Zzzax] creating thread_pool [fetch_shard_store], type [scaling], min [1], size [16], keep_alive [5m]
[2016-02-17 10:25:56,555][DEBUG][org.elasticsearch.common.netty] using gathering [true]
[2016-02-17 10:25:56,560][DEBUG][org.elasticsearch.client.transport] [Zzzax] node_sampler_interval[5s]
[2016-02-17 10:25:56,576][DEBUG][org.elasticsearch.netty.channel.socket.nio.SelectorUtil] Using select timeout of 500
[2016-02-17 10:25:56,576][DEBUG][org.elasticsearch.netty.channel.socket.nio.SelectorUtil] Epoll-bug workaround enabled = false
[2016-02-17 10:25:56,604][DEBUG][org.elasticsearch.client.transport] [Zzzax] adding address [[#transport#-1][pc-116-196.eduroam.uib.no][inet[pc-116-196.eduroam.uib.no/129.177.116.196:9300]]]
[2016-02-17 10:25:56,677][DEBUG][org.elasticsearch.transport.netty] [Zzzax] connected to node [[#transport#-1][pc-116-196.eduroam.uib.no][inet[pc-116-196.eduroam.uib.no/129.177.116.196:9300]]]
[2016-02-17 10:25:56,753][DEBUG][org.elasticsearch.transport.netty] [Zzzax] connected to node [[Frankie and Victoria][71skMuQgQ16JaPFzVX9AxA][pc-116-196.eduroam.uib.no][inet[pc-116-196.eduroam.uib.no/129.177.116.196:9300]]]
[2016-02-17 10:25:56,795][INFO ][no.uib.marcus.search.client.ClientFactory] Connected to Elasticsearch cluster: {
  "cluster_name" : "elasticsearch",
  "status" : "yellow",
  "timed_out" : false,
  "number_of_nodes" : 1,
  "number_of_data_nodes" : 1,
  "active_primary_shards" : 6,
  "active_shards" : 6,
  "relocating_shards" : 0,
  "initializing_shards" : 0,
  "unassigned_shards" : 6,
  "delayed_unassigned_shards" : 0,
  "number_of_pending_tasks" : 0,
  "number_of_in_flight_fetch" : 0
}
[2016-02-17 10:25:56,798][INFO ][no.uib.marcus.search.Suggestion] Suggest requestorg.elasticsearch.action.suggest.SuggestRequestBuilder@2c07545f
[2016-02-17 10:25:56,827][ERROR][no.uib.marcus.search.Suggestion] 
[2016-02-17 10:25:56,827][INFO ][no.uib.marcus.search.Suggestion] []
[2016-02-17 10:26:58,429][DEBUG][org.elasticsearch.plugins] [Space Turnip] [/Users/hemed/Documents/Development/marcus-blackbox/plugins] directory does not exist.
[2016-02-17 10:26:58,430][DEBUG][org.elasticsearch.plugins] [Space Turnip] [/Users/hemed/Documents/Development/marcus-blackbox/plugins] directory does not exist.
[2016-02-17 10:26:58,430][INFO ][org.elasticsearch.plugins] [Space Turnip] loaded [], sites []
[2016-02-17 10:26:58,451][DEBUG][org.elasticsearch.common.compress.lzf] using encoder [VanillaChunkDecoder] and decoder[{}] 
[2016-02-17 10:26:58,457][DEBUG][org.elasticsearch.threadpool] [Space Turnip] creating thread_pool [generic], type [cached], keep_alive [30s]
[2016-02-17 10:26:58,464][DEBUG][org.elasticsearch.threadpool] [Space Turnip] creating thread_pool [index], type [fixed], size [8], queue_size [200]
[2016-02-17 10:26:58,466][DEBUG][org.elasticsearch.threadpool] [Space Turnip] creating thread_pool [bulk], type [fixed], size [8], queue_size [50]
[2016-02-17 10:26:58,466][DEBUG][org.elasticsearch.threadpool] [Space Turnip] creating thread_pool [get], type [fixed], size [8], queue_size [1k]
[2016-02-17 10:26:58,466][DEBUG][org.elasticsearch.threadpool] [Space Turnip] creating thread_pool [search], type [fixed], size [13], queue_size [1k]
[2016-02-17 10:26:58,466][DEBUG][org.elasticsearch.threadpool] [Space Turnip] creating thread_pool [suggest], type [fixed], size [8], queue_size [1k]
[2016-02-17 10:26:58,466][DEBUG][org.elasticsearch.threadpool] [Space Turnip] creating thread_pool [percolate], type [fixed], size [8], queue_size [1k]
[2016-02-17 10:26:58,466][DEBUG][org.elasticsearch.threadpool] [Space Turnip] creating thread_pool [management], type [scaling], min [1], size [5], keep_alive [5m]
[2016-02-17 10:26:58,467][DEBUG][org.elasticsearch.threadpool] [Space Turnip] creating thread_pool [listener], type [fixed], size [4], queue_size [null]
[2016-02-17 10:26:58,467][DEBUG][org.elasticsearch.threadpool] [Space Turnip] creating thread_pool [flush], type [scaling], min [1], size [4], keep_alive [5m]
[2016-02-17 10:26:58,467][DEBUG][org.elasticsearch.threadpool] [Space Turnip] creating thread_pool [merge], type [scaling], min [1], size [4], keep_alive [5m]
[2016-02-17 10:26:58,468][DEBUG][org.elasticsearch.threadpool] [Space Turnip] creating thread_pool [refresh], type [scaling], min [1], size [4], keep_alive [5m]
[2016-02-17 10:26:58,468][DEBUG][org.elasticsearch.threadpool] [Space Turnip] creating thread_pool [warmer], type [scaling], min [1], size [4], keep_alive [5m]
[2016-02-17 10:26:58,468][DEBUG][org.elasticsearch.threadpool] [Space Turnip] creating thread_pool [snapshot], type [scaling], min [1], size [4], keep_alive [5m]
[2016-02-17 10:26:58,468][DEBUG][org.elasticsearch.threadpool] [Space Turnip] creating thread_pool [optimize], type [fixed], size [1], queue_size [null]
[2016-02-17 10:26:58,468][DEBUG][org.elasticsearch.threadpool] [Space Turnip] creating thread_pool [fetch_shard_started], type [scaling], min [1], size [16], keep_alive [5m]
[2016-02-17 10:26:58,468][DEBUG][org.elasticsearch.threadpool] [Space Turnip] creating thread_pool [fetch_shard_store], type [scaling], min [1], size [16], keep_alive [5m]
[2016-02-17 10:26:58,829][DEBUG][org.elasticsearch.common.netty] using gathering [true]
[2016-02-17 10:26:58,834][DEBUG][org.elasticsearch.client.transport] [Space Turnip] node_sampler_interval[5s]
[2016-02-17 10:26:58,851][DEBUG][org.elasticsearch.netty.channel.socket.nio.SelectorUtil] Using select timeout of 500
[2016-02-17 10:26:58,851][DEBUG][org.elasticsearch.netty.channel.socket.nio.SelectorUtil] Epoll-bug workaround enabled = false
[2016-02-17 10:26:58,881][DEBUG][org.elasticsearch.client.transport] [Space Turnip] adding address [[#transport#-1][pc-116-196.eduroam.uib.no][inet[pc-116-196.eduroam.uib.no/129.177.116.196:9300]]]
[2016-02-17 10:26:58,961][DEBUG][org.elasticsearch.transport.netty] [Space Turnip] connected to node [[#transport#-1][pc-116-196.eduroam.uib.no][inet[pc-116-196.eduroam.uib.no/129.177.116.196:9300]]]
[2016-02-17 10:26:59,034][DEBUG][org.elasticsearch.transport.netty] [Space Turnip] connected to node [[Frankie and Victoria][71skMuQgQ16JaPFzVX9AxA][pc-116-196.eduroam.uib.no][inet[pc-116-196.eduroam.uib.no/129.177.116.196:9300]]]
[2016-02-17 10:26:59,071][INFO ][no.uib.marcus.search.client.ClientFactory] Connected to Elasticsearch cluster: {
  "cluster_name" : "elasticsearch",
  "status" : "yellow",
  "timed_out" : false,
  "number_of_nodes" : 1,
  "number_of_data_nodes" : 1,
  "active_primary_shards" : 6,
  "active_shards" : 6,
  "relocating_shards" : 0,
  "initializing_shards" : 0,
  "unassigned_shards" : 6,
  "delayed_unassigned_shards" : 0,
  "number_of_pending_tasks" : 0,
  "number_of_in_flight_fetch" : 0
}
[2016-02-17 10:26:59,074][INFO ][no.uib.marcus.search.Suggestion] Suggest requestorg.elasticsearch.action.suggest.SuggestRequestBuilder@74bada02
[2016-02-17 10:26:59,087][ERROR][no.uib.marcus.search.Suggestion] 
[2016-02-17 10:26:59,093][INFO ][no.uib.marcus.search.Suggestion] []
[2016-02-17 10:29:55,595][DEBUG][org.elasticsearch.plugins] [Freak] [/Users/hemed/Documents/Development/marcus-blackbox/plugins] directory does not exist.
[2016-02-17 10:29:55,595][DEBUG][org.elasticsearch.plugins] [Freak] [/Users/hemed/Documents/Development/marcus-blackbox/plugins] directory does not exist.
[2016-02-17 10:29:55,596][INFO ][org.elasticsearch.plugins] [Freak] loaded [], sites []
[2016-02-17 10:29:55,618][DEBUG][org.elasticsearch.common.compress.lzf] using encoder [VanillaChunkDecoder] and decoder[{}] 
[2016-02-17 10:29:55,625][DEBUG][org.elasticsearch.threadpool] [Freak] creating thread_pool [generic], type [cached], keep_alive [30s]
[2016-02-17 10:29:55,631][DEBUG][org.elasticsearch.threadpool] [Freak] creating thread_pool [index], type [fixed], size [8], queue_size [200]
[2016-02-17 10:29:55,632][DEBUG][org.elasticsearch.threadpool] [Freak] creating thread_pool [bulk], type [fixed], size [8], queue_size [50]
[2016-02-17 10:29:55,632][DEBUG][org.elasticsearch.threadpool] [Freak] creating thread_pool [get], type [fixed], size [8], queue_size [1k]
[2016-02-17 10:29:55,633][DEBUG][org.elasticsearch.threadpool] [Freak] creating thread_pool [search], type [fixed], size [13], queue_size [1k]
[2016-02-17 10:29:55,633][DEBUG][org.elasticsearch.threadpool] [Freak] creating thread_pool [suggest], type [fixed], size [8], queue_size [1k]
[2016-02-17 10:29:55,633][DEBUG][org.elasticsearch.threadpool] [Freak] creating thread_pool [percolate], type [fixed], size [8], queue_size [1k]
[2016-02-17 10:29:55,633][DEBUG][org.elasticsearch.threadpool] [Freak] creating thread_pool [management], type [scaling], min [1], size [5], keep_alive [5m]
[2016-02-17 10:29:55,634][DEBUG][org.elasticsearch.threadpool] [Freak] creating thread_pool [listener], type [fixed], size [4], queue_size [null]
[2016-02-17 10:29:55,634][DEBUG][org.elasticsearch.threadpool] [Freak] creating thread_pool [flush], type [scaling], min [1], size [4], keep_alive [5m]
[2016-02-17 10:29:55,634][DEBUG][org.elasticsearch.threadpool] [Freak] creating thread_pool [merge], type [scaling], min [1], size [4], keep_alive [5m]
[2016-02-17 10:29:55,635][DEBUG][org.elasticsearch.threadpool] [Freak] creating thread_pool [refresh], type [scaling], min [1], size [4], keep_alive [5m]
[2016-02-17 10:29:55,635][DEBUG][org.elasticsearch.threadpool] [Freak] creating thread_pool [warmer], type [scaling], min [1], size [4], keep_alive [5m]
[2016-02-17 10:29:55,635][DEBUG][org.elasticsearch.threadpool] [Freak] creating thread_pool [snapshot], type [scaling], min [1], size [4], keep_alive [5m]
[2016-02-17 10:29:55,635][DEBUG][org.elasticsearch.threadpool] [Freak] creating thread_pool [optimize], type [fixed], size [1], queue_size [null]
[2016-02-17 10:29:55,635][DEBUG][org.elasticsearch.threadpool] [Freak] creating thread_pool [fetch_shard_started], type [scaling], min [1], size [16], keep_alive [5m]
[2016-02-17 10:29:55,635][DEBUG][org.elasticsearch.threadpool] [Freak] creating thread_pool [fetch_shard_store], type [scaling], min [1], size [16], keep_alive [5m]
[2016-02-17 10:29:55,998][DEBUG][org.elasticsearch.common.netty] using gathering [true]
[2016-02-17 10:29:56,003][DEBUG][org.elasticsearch.client.transport] [Freak] node_sampler_interval[5s]
[2016-02-17 10:29:56,018][DEBUG][org.elasticsearch.netty.channel.socket.nio.SelectorUtil] Using select timeout of 500
[2016-02-17 10:29:56,018][DEBUG][org.elasticsearch.netty.channel.socket.nio.SelectorUtil] Epoll-bug workaround enabled = false
[2016-02-17 10:29:56,048][DEBUG][org.elasticsearch.client.transport] [Freak] adding address [[#transport#-1][pc-116-196.eduroam.uib.no][inet[pc-116-196.eduroam.uib.no/129.177.116.196:9300]]]
[2016-02-17 10:29:56,124][DEBUG][org.elasticsearch.transport.netty] [Freak] connected to node [[#transport#-1][pc-116-196.eduroam.uib.no][inet[pc-116-196.eduroam.uib.no/129.177.116.196:9300]]]
[2016-02-17 10:29:56,200][DEBUG][org.elasticsearch.transport.netty] [Freak] connected to node [[Frankie and Victoria][71skMuQgQ16JaPFzVX9AxA][pc-116-196.eduroam.uib.no][inet[pc-116-196.eduroam.uib.no/129.177.116.196:9300]]]
[2016-02-17 10:29:56,239][INFO ][no.uib.marcus.search.client.ClientFactory] Connected to Elasticsearch cluster: {
  "cluster_name" : "elasticsearch",
  "status" : "yellow",
  "timed_out" : false,
  "number_of_nodes" : 1,
  "number_of_data_nodes" : 1,
  "active_primary_shards" : 6,
  "active_shards" : 6,
  "relocating_shards" : 0,
  "initializing_shards" : 0,
  "unassigned_shards" : 6,
  "delayed_unassigned_shards" : 0,
  "number_of_pending_tasks" : 0,
  "number_of_in_flight_fetch" : 0
}
[2016-02-17 10:29:56,240][INFO ][no.uib.marcus.search.Suggestion] Suggest requestorg.elasticsearch.action.suggest.SuggestRequestBuilder@6e950bcf
[2016-02-17 10:29:56,258][INFO ][no.uib.marcus.search.Suggestion] ["Teisten","Torill Elise Endresen","Tanafjord","Tyskebryggen","Torhild Nilsen Bakka"]
[2016-02-17 11:13:23,975][DEBUG][org.elasticsearch.plugins] [Lady Lark] [/Users/hemed/Documents/Development/marcus-blackbox/plugins] directory does not exist.
[2016-02-17 11:13:23,975][DEBUG][org.elasticsearch.plugins] [Lady Lark] [/Users/hemed/Documents/Development/marcus-blackbox/plugins] directory does not exist.
[2016-02-17 11:13:23,975][INFO ][org.elasticsearch.plugins] [Lady Lark] loaded [], sites []
[2016-02-17 11:13:23,998][DEBUG][org.elasticsearch.common.compress.lzf] using encoder [VanillaChunkDecoder] and decoder[{}] 
[2016-02-17 11:13:24,004][DEBUG][org.elasticsearch.threadpool] [Lady Lark] creating thread_pool [generic], type [cached], keep_alive [30s]
[2016-02-17 11:13:24,011][DEBUG][org.elasticsearch.threadpool] [Lady Lark] creating thread_pool [index], type [fixed], size [8], queue_size [200]
[2016-02-17 11:13:24,013][DEBUG][org.elasticsearch.threadpool] [Lady Lark] creating thread_pool [bulk], type [fixed], size [8], queue_size [50]
[2016-02-17 11:13:24,013][DEBUG][org.elasticsearch.threadpool] [Lady Lark] creating thread_pool [get], type [fixed], size [8], queue_size [1k]
[2016-02-17 11:13:24,013][DEBUG][org.elasticsearch.threadpool] [Lady Lark] creating thread_pool [search], type [fixed], size [13], queue_size [1k]
[2016-02-17 11:13:24,013][DEBUG][org.elasticsearch.threadpool] [Lady Lark] creating thread_pool [suggest], type [fixed], size [8], queue_size [1k]
[2016-02-17 11:13:24,013][DEBUG][org.elasticsearch.threadpool] [Lady Lark] creating thread_pool [percolate], type [fixed], size [8], queue_size [1k]
[2016-02-17 11:13:24,013][DEBUG][org.elasticsearch.threadpool] [Lady Lark] creating thread_pool [management], type [scaling], min [1], size [5], keep_alive [5m]
[2016-02-17 11:13:24,014][DEBUG][org.elasticsearch.threadpool] [Lady Lark] creating thread_pool [listener], type [fixed], size [4], queue_size [null]
[2016-02-17 11:13:24,014][DEBUG][org.elasticsearch.threadpool] [Lady Lark] creating thread_pool [flush], type [scaling], min [1], size [4], keep_alive [5m]
[2016-02-17 11:13:24,014][DEBUG][org.elasticsearch.threadpool] [Lady Lark] creating thread_pool [merge], type [scaling], min [1], size [4], keep_alive [5m]
[2016-02-17 11:13:24,014][DEBUG][org.elasticsearch.threadpool] [Lady Lark] creating thread_pool [refresh], type [scaling], min [1], size [4], keep_alive [5m]
[2016-02-17 11:13:24,014][DEBUG][org.elasticsearch.threadpool] [Lady Lark] creating thread_pool [warmer], type [scaling], min [1], size [4], keep_alive [5m]
[2016-02-17 11:13:24,015][DEBUG][org.elasticsearch.threadpool] [Lady Lark] creating thread_pool [snapshot], type [scaling], min [1], size [4], keep_alive [5m]
[2016-02-17 11:13:24,015][DEBUG][org.elasticsearch.threadpool] [Lady Lark] creating thread_pool [optimize], type [fixed], size [1], queue_size [null]
[2016-02-17 11:13:24,015][DEBUG][org.elasticsearch.threadpool] [Lady Lark] creating thread_pool [fetch_shard_started], type [scaling], min [1], size [16], keep_alive [5m]
[2016-02-17 11:13:24,015][DEBUG][org.elasticsearch.threadpool] [Lady Lark] creating thread_pool [fetch_shard_store], type [scaling], min [1], size [16], keep_alive [5m]
[2016-02-17 11:13:24,364][DEBUG][org.elasticsearch.common.netty] using gathering [true]
[2016-02-17 11:13:24,370][DEBUG][org.elasticsearch.client.transport] [Lady Lark] node_sampler_interval[5s]
[2016-02-17 11:13:24,385][DEBUG][org.elasticsearch.netty.channel.socket.nio.SelectorUtil] Using select timeout of 500
[2016-02-17 11:13:24,385][DEBUG][org.elasticsearch.netty.channel.socket.nio.SelectorUtil] Epoll-bug workaround enabled = false
[2016-02-17 11:13:24,413][DEBUG][org.elasticsearch.client.transport] [Lady Lark] adding address [[#transport#-1][pc-116-196.eduroam.uib.no][inet[pc-116-196.eduroam.uib.no/129.177.116.196:9300]]]
[2016-02-17 11:13:24,488][DEBUG][org.elasticsearch.transport.netty] [Lady Lark] connected to node [[#transport#-1][pc-116-196.eduroam.uib.no][inet[pc-116-196.eduroam.uib.no/129.177.116.196:9300]]]
[2016-02-17 11:13:24,561][DEBUG][org.elasticsearch.transport.netty] [Lady Lark] connected to node [[Frankie and Victoria][71skMuQgQ16JaPFzVX9AxA][pc-116-196.eduroam.uib.no][inet[pc-116-196.eduroam.uib.no/129.177.116.196:9300]]]
[2016-02-17 11:13:24,598][INFO ][no.uib.marcus.search.client.ClientFactory] Connected to Elasticsearch cluster: {
  "cluster_name" : "elasticsearch",
  "status" : "yellow",
  "timed_out" : false,
  "number_of_nodes" : 1,
  "number_of_data_nodes" : 1,
  "active_primary_shards" : 6,
  "active_shards" : 6,
  "relocating_shards" : 0,
  "initializing_shards" : 0,
  "unassigned_shards" : 6,
  "delayed_unassigned_shards" : 0,
  "number_of_pending_tasks" : 0,
  "number_of_in_flight_fetch" : 0
}
[2016-02-17 11:13:24,600][INFO ][no.uib.marcus.search.Suggestion] Suggest indices[Ljava.lang.String;@6e950bcf
[2016-02-17 11:13:24,629][INFO ][no.uib.marcus.search.Suggestion] []
[2016-02-17 11:16:04,656][DEBUG][org.elasticsearch.plugins] [Evilhawk] [/Users/hemed/Documents/Development/marcus-blackbox/plugins] directory does not exist.
[2016-02-17 11:16:04,657][DEBUG][org.elasticsearch.plugins] [Evilhawk] [/Users/hemed/Documents/Development/marcus-blackbox/plugins] directory does not exist.
[2016-02-17 11:16:04,657][INFO ][org.elasticsearch.plugins] [Evilhawk] loaded [], sites []
[2016-02-17 11:16:04,680][DEBUG][org.elasticsearch.common.compress.lzf] using encoder [VanillaChunkDecoder] and decoder[{}] 
[2016-02-17 11:16:04,686][DEBUG][org.elasticsearch.threadpool] [Evilhawk] creating thread_pool [generic], type [cached], keep_alive [30s]
[2016-02-17 11:16:04,691][DEBUG][org.elasticsearch.threadpool] [Evilhawk] creating thread_pool [index], type [fixed], size [8], queue_size [200]
[2016-02-17 11:16:04,693][DEBUG][org.elasticsearch.threadpool] [Evilhawk] creating thread_pool [bulk], type [fixed], size [8], queue_size [50]
[2016-02-17 11:16:04,693][DEBUG][org.elasticsearch.threadpool] [Evilhawk] creating thread_pool [get], type [fixed], size [8], queue_size [1k]
[2016-02-17 11:16:04,693][DEBUG][org.elasticsearch.threadpool] [Evilhawk] creating thread_pool [search], type [fixed], size [13], queue_size [1k]
[2016-02-17 11:16:04,693][DEBUG][org.elasticsearch.threadpool] [Evilhawk] creating thread_pool [suggest], type [fixed], size [8], queue_size [1k]
[2016-02-17 11:16:04,694][DEBUG][org.elasticsearch.threadpool] [Evilhawk] creating thread_pool [percolate], type [fixed], size [8], queue_size [1k]
[2016-02-17 11:16:04,694][DEBUG][org.elasticsearch.threadpool] [Evilhawk] creating thread_pool [management], type [scaling], min [1], size [5], keep_alive [5m]
[2016-02-17 11:16:04,694][DEBUG][org.elasticsearch.threadpool] [Evilhawk] creating thread_pool [listener], type [fixed], size [4], queue_size [null]
[2016-02-17 11:16:04,694][DEBUG][org.elasticsearch.threadpool] [Evilhawk] creating thread_pool [flush], type [scaling], min [1], size [4], keep_alive [5m]
[2016-02-17 11:16:04,695][DEBUG][org.elasticsearch.threadpool] [Evilhawk] creating thread_pool [merge], type [scaling], min [1], size [4], keep_alive [5m]
[2016-02-17 11:16:04,695][DEBUG][org.elasticsearch.threadpool] [Evilhawk] creating thread_pool [refresh], type [scaling], min [1], size [4], keep_alive [5m]
[2016-02-17 11:16:04,695][DEBUG][org.elasticsearch.threadpool] [Evilhawk] creating thread_pool [warmer], type [scaling], min [1], size [4], keep_alive [5m]
[2016-02-17 11:16:04,695][DEBUG][org.elasticsearch.threadpool] [Evilhawk] creating thread_pool [snapshot], type [scaling], min [1], size [4], keep_alive [5m]
[2016-02-17 11:16:04,695][DEBUG][org.elasticsearch.threadpool] [Evilhawk] creating thread_pool [optimize], type [fixed], size [1], queue_size [null]
[2016-02-17 11:16:04,695][DEBUG][org.elasticsearch.threadpool] [Evilhawk] creating thread_pool [fetch_shard_started], type [scaling], min [1], size [16], keep_alive [5m]
[2016-02-17 11:16:04,695][DEBUG][org.elasticsearch.threadpool] [Evilhawk] creating thread_pool [fetch_shard_store], type [scaling], min [1], size [16], keep_alive [5m]
[2016-02-17 11:16:05,042][DEBUG][org.elasticsearch.common.netty] using gathering [true]
[2016-02-17 11:16:05,046][DEBUG][org.elasticsearch.client.transport] [Evilhawk] node_sampler_interval[5s]
[2016-02-17 11:16:05,063][DEBUG][org.elasticsearch.netty.channel.socket.nio.SelectorUtil] Using select timeout of 500
[2016-02-17 11:16:05,063][DEBUG][org.elasticsearch.netty.channel.socket.nio.SelectorUtil] Epoll-bug workaround enabled = false
[2016-02-17 11:16:05,091][DEBUG][org.elasticsearch.client.transport] [Evilhawk] adding address [[#transport#-1][pc-116-196.eduroam.uib.no][inet[pc-116-196.eduroam.uib.no/129.177.116.196:9300]]]
[2016-02-17 11:16:05,170][DEBUG][org.elasticsearch.transport.netty] [Evilhawk] connected to node [[#transport#-1][pc-116-196.eduroam.uib.no][inet[pc-116-196.eduroam.uib.no/129.177.116.196:9300]]]
[2016-02-17 11:16:05,243][DEBUG][org.elasticsearch.transport.netty] [Evilhawk] connected to node [[Frankie and Victoria][71skMuQgQ16JaPFzVX9AxA][pc-116-196.eduroam.uib.no][inet[pc-116-196.eduroam.uib.no/129.177.116.196:9300]]]
[2016-02-17 11:16:05,282][INFO ][no.uib.marcus.search.client.ClientFactory] Connected to Elasticsearch cluster: {
  "cluster_name" : "elasticsearch",
  "status" : "yellow",
  "timed_out" : false,
  "number_of_nodes" : 1,
  "number_of_data_nodes" : 1,
  "active_primary_shards" : 6,
  "active_shards" : 6,
  "relocating_shards" : 0,
  "initializing_shards" : 0,
  "unassigned_shards" : 6,
  "delayed_unassigned_shards" : 0,
  "number_of_pending_tasks" : 0,
  "number_of_in_flight_fetch" : 0
}
[2016-02-17 11:16:05,283][INFO ][no.uib.marcus.search.Suggestion] Suggest indices[Ljava.lang.String;@6e950bcf
[2016-02-17 11:16:05,328][INFO ][no.uib.marcus.search.Suggestion] []
[2016-02-17 11:16:37,729][DEBUG][org.elasticsearch.plugins] [Artie] [/Users/hemed/Documents/Development/marcus-blackbox/plugins] directory does not exist.
[2016-02-17 11:16:37,729][DEBUG][org.elasticsearch.plugins] [Artie] [/Users/hemed/Documents/Development/marcus-blackbox/plugins] directory does not exist.
[2016-02-17 11:16:37,730][INFO ][org.elasticsearch.plugins] [Artie] loaded [], sites []
[2016-02-17 11:16:37,752][DEBUG][org.elasticsearch.common.compress.lzf] using encoder [VanillaChunkDecoder] and decoder[{}] 
[2016-02-17 11:16:37,758][DEBUG][org.elasticsearch.threadpool] [Artie] creating thread_pool [generic], type [cached], keep_alive [30s]
[2016-02-17 11:16:37,764][DEBUG][org.elasticsearch.threadpool] [Artie] creating thread_pool [index], type [fixed], size [8], queue_size [200]
[2016-02-17 11:16:37,765][DEBUG][org.elasticsearch.threadpool] [Artie] creating thread_pool [bulk], type [fixed], size [8], queue_size [50]
[2016-02-17 11:16:37,765][DEBUG][org.elasticsearch.threadpool] [Artie] creating thread_pool [get], type [fixed], size [8], queue_size [1k]
[2016-02-17 11:16:37,766][DEBUG][org.elasticsearch.threadpool] [Artie] creating thread_pool [search], type [fixed], size [13], queue_size [1k]
[2016-02-17 11:16:37,766][DEBUG][org.elasticsearch.threadpool] [Artie] creating thread_pool [suggest], type [fixed], size [8], queue_size [1k]
[2016-02-17 11:16:37,766][DEBUG][org.elasticsearch.threadpool] [Artie] creating thread_pool [percolate], type [fixed], size [8], queue_size [1k]
[2016-02-17 11:16:37,766][DEBUG][org.elasticsearch.threadpool] [Artie] creating thread_pool [management], type [scaling], min [1], size [5], keep_alive [5m]
[2016-02-17 11:16:37,767][DEBUG][org.elasticsearch.threadpool] [Artie] creating thread_pool [listener], type [fixed], size [4], queue_size [null]
[2016-02-17 11:16:37,767][DEBUG][org.elasticsearch.threadpool] [Artie] creating thread_pool [flush], type [scaling], min [1], size [4], keep_alive [5m]
[2016-02-17 11:16:37,767][DEBUG][org.elasticsearch.threadpool] [Artie] creating thread_pool [merge], type [scaling], min [1], size [4], keep_alive [5m]
[2016-02-17 11:16:37,767][DEBUG][org.elasticsearch.threadpool] [Artie] creating thread_pool [refresh], type [scaling], min [1], size [4], keep_alive [5m]
[2016-02-17 11:16:37,767][DEBUG][org.elasticsearch.threadpool] [Artie] creating thread_pool [warmer], type [scaling], min [1], size [4], keep_alive [5m]
[2016-02-17 11:16:37,767][DEBUG][org.elasticsearch.threadpool] [Artie] creating thread_pool [snapshot], type [scaling], min [1], size [4], keep_alive [5m]
[2016-02-17 11:16:37,767][DEBUG][org.elasticsearch.threadpool] [Artie] creating thread_pool [optimize], type [fixed], size [1], queue_size [null]
[2016-02-17 11:16:37,768][DEBUG][org.elasticsearch.threadpool] [Artie] creating thread_pool [fetch_shard_started], type [scaling], min [1], size [16], keep_alive [5m]
[2016-02-17 11:16:37,768][DEBUG][org.elasticsearch.threadpool] [Artie] creating thread_pool [fetch_shard_store], type [scaling], min [1], size [16], keep_alive [5m]
[2016-02-17 11:16:38,120][DEBUG][org.elasticsearch.common.netty] using gathering [true]
[2016-02-17 11:16:38,127][DEBUG][org.elasticsearch.client.transport] [Artie] node_sampler_interval[5s]
[2016-02-17 11:16:38,141][DEBUG][org.elasticsearch.netty.channel.socket.nio.SelectorUtil] Using select timeout of 500
[2016-02-17 11:16:38,141][DEBUG][org.elasticsearch.netty.channel.socket.nio.SelectorUtil] Epoll-bug workaround enabled = false
[2016-02-17 11:16:38,169][DEBUG][org.elasticsearch.client.transport] [Artie] adding address [[#transport#-1][pc-116-196.eduroam.uib.no][inet[pc-116-196.eduroam.uib.no/129.177.116.196:9300]]]
[2016-02-17 11:16:38,243][DEBUG][org.elasticsearch.transport.netty] [Artie] connected to node [[#transport#-1][pc-116-196.eduroam.uib.no][inet[pc-116-196.eduroam.uib.no/129.177.116.196:9300]]]
[2016-02-17 11:16:38,316][DEBUG][org.elasticsearch.transport.netty] [Artie] connected to node [[Frankie and Victoria][71skMuQgQ16JaPFzVX9AxA][pc-116-196.eduroam.uib.no][inet[pc-116-196.eduroam.uib.no/129.177.116.196:9300]]]
[2016-02-17 11:16:38,354][INFO ][no.uib.marcus.search.client.ClientFactory] Connected to Elasticsearch cluster: {
  "cluster_name" : "elasticsearch",
  "status" : "yellow",
  "timed_out" : false,
  "number_of_nodes" : 1,
  "number_of_data_nodes" : 1,
  "active_primary_shards" : 6,
  "active_shards" : 6,
  "relocating_shards" : 0,
  "initializing_shards" : 0,
  "unassigned_shards" : 6,
  "delayed_unassigned_shards" : 0,
  "number_of_pending_tasks" : 0,
  "number_of_in_flight_fetch" : 0
}
[2016-02-17 11:16:38,355][INFO ][no.uib.marcus.search.Suggestion] Suggest indices[Ljava.lang.String;@6e950bcf
[2016-02-17 11:16:38,380][INFO ][no.uib.marcus.search.Suggestion] []
[2016-02-17 11:17:04,720][DEBUG][org.elasticsearch.plugins] [Suprema] [/Users/hemed/Documents/Development/marcus-blackbox/plugins] directory does not exist.
[2016-02-17 11:17:04,720][DEBUG][org.elasticsearch.plugins] [Suprema] [/Users/hemed/Documents/Development/marcus-blackbox/plugins] directory does not exist.
[2016-02-17 11:17:04,721][INFO ][org.elasticsearch.plugins] [Suprema] loaded [], sites []
[2016-02-17 11:17:04,748][DEBUG][org.elasticsearch.common.compress.lzf] using encoder [VanillaChunkDecoder] and decoder[{}] 
[2016-02-17 11:17:04,754][DEBUG][org.elasticsearch.threadpool] [Suprema] creating thread_pool [generic], type [cached], keep_alive [30s]
[2016-02-17 11:17:04,762][DEBUG][org.elasticsearch.threadpool] [Suprema] creating thread_pool [index], type [fixed], size [8], queue_size [200]
[2016-02-17 11:17:04,764][DEBUG][org.elasticsearch.threadpool] [Suprema] creating thread_pool [bulk], type [fixed], size [8], queue_size [50]
[2016-02-17 11:17:04,764][DEBUG][org.elasticsearch.threadpool] [Suprema] creating thread_pool [get], type [fixed], size [8], queue_size [1k]
[2016-02-17 11:17:04,764][DEBUG][org.elasticsearch.threadpool] [Suprema] creating thread_pool [search], type [fixed], size [13], queue_size [1k]
[2016-02-17 11:17:04,764][DEBUG][org.elasticsearch.threadpool] [Suprema] creating thread_pool [suggest], type [fixed], size [8], queue_size [1k]
[2016-02-17 11:17:04,764][DEBUG][org.elasticsearch.threadpool] [Suprema] creating thread_pool [percolate], type [fixed], size [8], queue_size [1k]
[2016-02-17 11:17:04,764][DEBUG][org.elasticsearch.threadpool] [Suprema] creating thread_pool [management], type [scaling], min [1], size [5], keep_alive [5m]
[2016-02-17 11:17:04,765][DEBUG][org.elasticsearch.threadpool] [Suprema] creating thread_pool [listener], type [fixed], size [4], queue_size [null]
[2016-02-17 11:17:04,765][DEBUG][org.elasticsearch.threadpool] [Suprema] creating thread_pool [flush], type [scaling], min [1], size [4], keep_alive [5m]
[2016-02-17 11:17:04,765][DEBUG][org.elasticsearch.threadpool] [Suprema] creating thread_pool [merge], type [scaling], min [1], size [4], keep_alive [5m]
[2016-02-17 11:17:04,766][DEBUG][org.elasticsearch.threadpool] [Suprema] creating thread_pool [refresh], type [scaling], min [1], size [4], keep_alive [5m]
[2016-02-17 11:17:04,766][DEBUG][org.elasticsearch.threadpool] [Suprema] creating thread_pool [warmer], type [scaling], min [1], size [4], keep_alive [5m]
[2016-02-17 11:17:04,766][DEBUG][org.elasticsearch.threadpool] [Suprema] creating thread_pool [snapshot], type [scaling], min [1], size [4], keep_alive [5m]
[2016-02-17 11:17:04,766][DEBUG][org.elasticsearch.threadpool] [Suprema] creating thread_pool [optimize], type [fixed], size [1], queue_size [null]
[2016-02-17 11:17:04,766][DEBUG][org.elasticsearch.threadpool] [Suprema] creating thread_pool [fetch_shard_started], type [scaling], min [1], size [16], keep_alive [5m]
[2016-02-17 11:17:04,766][DEBUG][org.elasticsearch.threadpool] [Suprema] creating thread_pool [fetch_shard_store], type [scaling], min [1], size [16], keep_alive [5m]
[2016-02-17 11:17:05,115][DEBUG][org.elasticsearch.common.netty] using gathering [true]
[2016-02-17 11:17:05,119][DEBUG][org.elasticsearch.client.transport] [Suprema] node_sampler_interval[5s]
[2016-02-17 11:17:05,134][DEBUG][org.elasticsearch.netty.channel.socket.nio.SelectorUtil] Using select timeout of 500
[2016-02-17 11:17:05,134][DEBUG][org.elasticsearch.netty.channel.socket.nio.SelectorUtil] Epoll-bug workaround enabled = false
[2016-02-17 11:17:05,162][DEBUG][org.elasticsearch.client.transport] [Suprema] adding address [[#transport#-1][pc-116-196.eduroam.uib.no][inet[pc-116-196.eduroam.uib.no/129.177.116.196:9300]]]
[2016-02-17 11:17:05,236][DEBUG][org.elasticsearch.transport.netty] [Suprema] connected to node [[#transport#-1][pc-116-196.eduroam.uib.no][inet[pc-116-196.eduroam.uib.no/129.177.116.196:9300]]]
[2016-02-17 11:17:05,309][DEBUG][org.elasticsearch.transport.netty] [Suprema] connected to node [[Frankie and Victoria][71skMuQgQ16JaPFzVX9AxA][pc-116-196.eduroam.uib.no][inet[pc-116-196.eduroam.uib.no/129.177.116.196:9300]]]
[2016-02-17 11:17:05,345][INFO ][no.uib.marcus.search.client.ClientFactory] Connected to Elasticsearch cluster: {
  "cluster_name" : "elasticsearch",
  "status" : "yellow",
  "timed_out" : false,
  "number_of_nodes" : 1,
  "number_of_data_nodes" : 1,
  "active_primary_shards" : 6,
  "active_shards" : 6,
  "relocating_shards" : 0,
  "initializing_shards" : 0,
  "unassigned_shards" : 6,
  "delayed_unassigned_shards" : 0,
  "number_of_pending_tasks" : 0,
  "number_of_in_flight_fetch" : 0
}
[2016-02-17 11:17:05,347][INFO ][no.uib.marcus.search.Suggestion] Suggest indices[Ljava.lang.String;@6e950bcf
[2016-02-17 11:17:05,363][INFO ][no.uib.marcus.search.Suggestion] []
[2016-02-17 11:17:43,321][DEBUG][org.elasticsearch.plugins] [Father Time] [/Users/hemed/Documents/Development/marcus-blackbox/plugins] directory does not exist.
[2016-02-17 11:17:43,322][DEBUG][org.elasticsearch.plugins] [Father Time] [/Users/hemed/Documents/Development/marcus-blackbox/plugins] directory does not exist.
[2016-02-17 11:17:43,322][INFO ][org.elasticsearch.plugins] [Father Time] loaded [], sites []
[2016-02-17 11:17:43,344][DEBUG][org.elasticsearch.common.compress.lzf] using encoder [VanillaChunkDecoder] and decoder[{}] 
[2016-02-17 11:17:43,352][DEBUG][org.elasticsearch.threadpool] [Father Time] creating thread_pool [generic], type [cached], keep_alive [30s]
[2016-02-17 11:17:43,357][DEBUG][org.elasticsearch.threadpool] [Father Time] creating thread_pool [index], type [fixed], size [8], queue_size [200]
[2016-02-17 11:17:43,359][DEBUG][org.elasticsearch.threadpool] [Father Time] creating thread_pool [bulk], type [fixed], size [8], queue_size [50]
[2016-02-17 11:17:43,359][DEBUG][org.elasticsearch.threadpool] [Father Time] creating thread_pool [get], type [fixed], size [8], queue_size [1k]
[2016-02-17 11:17:43,359][DEBUG][org.elasticsearch.threadpool] [Father Time] creating thread_pool [search], type [fixed], size [13], queue_size [1k]
[2016-02-17 11:17:43,359][DEBUG][org.elasticsearch.threadpool] [Father Time] creating thread_pool [suggest], type [fixed], size [8], queue_size [1k]
[2016-02-17 11:17:43,360][DEBUG][org.elasticsearch.threadpool] [Father Time] creating thread_pool [percolate], type [fixed], size [8], queue_size [1k]
[2016-02-17 11:17:43,360][DEBUG][org.elasticsearch.threadpool] [Father Time] creating thread_pool [management], type [scaling], min [1], size [5], keep_alive [5m]
[2016-02-17 11:17:43,360][DEBUG][org.elasticsearch.threadpool] [Father Time] creating thread_pool [listener], type [fixed], size [4], queue_size [null]
[2016-02-17 11:17:43,360][DEBUG][org.elasticsearch.threadpool] [Father Time] creating thread_pool [flush], type [scaling], min [1], size [4], keep_alive [5m]
[2016-02-17 11:17:43,361][DEBUG][org.elasticsearch.threadpool] [Father Time] creating thread_pool [merge], type [scaling], min [1], size [4], keep_alive [5m]
[2016-02-17 11:17:43,361][DEBUG][org.elasticsearch.threadpool] [Father Time] creating thread_pool [refresh], type [scaling], min [1], size [4], keep_alive [5m]
[2016-02-17 11:17:43,361][DEBUG][org.elasticsearch.threadpool] [Father Time] creating thread_pool [warmer], type [scaling], min [1], size [4], keep_alive [5m]
[2016-02-17 11:17:43,361][DEBUG][org.elasticsearch.threadpool] [Father Time] creating thread_pool [snapshot], type [scaling], min [1], size [4], keep_alive [5m]
[2016-02-17 11:17:43,361][DEBUG][org.elasticsearch.threadpool] [Father Time] creating thread_pool [optimize], type [fixed], size [1], queue_size [null]
[2016-02-17 11:17:43,361][DEBUG][org.elasticsearch.threadpool] [Father Time] creating thread_pool [fetch_shard_started], type [scaling], min [1], size [16], keep_alive [5m]
[2016-02-17 11:17:43,361][DEBUG][org.elasticsearch.threadpool] [Father Time] creating thread_pool [fetch_shard_store], type [scaling], min [1], size [16], keep_alive [5m]
[2016-02-17 11:17:43,729][DEBUG][org.elasticsearch.common.netty] using gathering [true]
[2016-02-17 11:17:43,734][DEBUG][org.elasticsearch.client.transport] [Father Time] node_sampler_interval[5s]
[2016-02-17 11:17:43,751][DEBUG][org.elasticsearch.netty.channel.socket.nio.SelectorUtil] Using select timeout of 500
[2016-02-17 11:17:43,751][DEBUG][org.elasticsearch.netty.channel.socket.nio.SelectorUtil] Epoll-bug workaround enabled = false
[2016-02-17 11:17:43,779][DEBUG][org.elasticsearch.client.transport] [Father Time] adding address [[#transport#-1][pc-116-196.eduroam.uib.no][inet[pc-116-196.eduroam.uib.no/129.177.116.196:9300]]]
[2016-02-17 11:17:43,857][DEBUG][org.elasticsearch.transport.netty] [Father Time] connected to node [[#transport#-1][pc-116-196.eduroam.uib.no][inet[pc-116-196.eduroam.uib.no/129.177.116.196:9300]]]
[2016-02-17 11:17:43,931][DEBUG][org.elasticsearch.transport.netty] [Father Time] connected to node [[Frankie and Victoria][71skMuQgQ16JaPFzVX9AxA][pc-116-196.eduroam.uib.no][inet[pc-116-196.eduroam.uib.no/129.177.116.196:9300]]]
[2016-02-17 11:17:43,967][INFO ][no.uib.marcus.search.client.ClientFactory] Connected to Elasticsearch cluster: {
  "cluster_name" : "elasticsearch",
  "status" : "yellow",
  "timed_out" : false,
  "number_of_nodes" : 1,
  "number_of_data_nodes" : 1,
  "active_primary_shards" : 6,
  "active_shards" : 6,
  "relocating_shards" : 0,
  "initializing_shards" : 0,
  "unassigned_shards" : 6,
  "delayed_unassigned_shards" : 0,
  "number_of_pending_tasks" : 0,
  "number_of_in_flight_fetch" : 0
}
[2016-02-17 11:17:43,969][INFO ][no.uib.marcus.search.Suggestion] Suggest indices[Ljava.lang.String;@6e950bcf
[2016-02-17 11:17:43,986][INFO ][no.uib.marcus.search.Suggestion] ["Teisten","Torill Elise Endresen","Tanafjord","Tyskebryggen","Torhild Nilsen Bakka"]
[2016-02-17 11:20:14,227][DEBUG][org.elasticsearch.plugins] [Blood Spider] [/Users/hemed/Documents/Development/marcus-blackbox/plugins] directory does not exist.
[2016-02-17 11:20:14,228][DEBUG][org.elasticsearch.plugins] [Blood Spider] [/Users/hemed/Documents/Development/marcus-blackbox/plugins] directory does not exist.
[2016-02-17 11:20:14,228][INFO ][org.elasticsearch.plugins] [Blood Spider] loaded [], sites []
[2016-02-17 11:20:14,250][DEBUG][org.elasticsearch.common.compress.lzf] using encoder [VanillaChunkDecoder] and decoder[{}] 
[2016-02-17 11:20:14,256][DEBUG][org.elasticsearch.threadpool] [Blood Spider] creating thread_pool [generic], type [cached], keep_alive [30s]
[2016-02-17 11:20:14,262][DEBUG][org.elasticsearch.threadpool] [Blood Spider] creating thread_pool [index], type [fixed], size [8], queue_size [200]
[2016-02-17 11:20:14,263][DEBUG][org.elasticsearch.threadpool] [Blood Spider] creating thread_pool [bulk], type [fixed], size [8], queue_size [50]
[2016-02-17 11:20:14,264][DEBUG][org.elasticsearch.threadpool] [Blood Spider] creating thread_pool [get], type [fixed], size [8], queue_size [1k]
[2016-02-17 11:20:14,264][DEBUG][org.elasticsearch.threadpool] [Blood Spider] creating thread_pool [search], type [fixed], size [13], queue_size [1k]
[2016-02-17 11:20:14,264][DEBUG][org.elasticsearch.threadpool] [Blood Spider] creating thread_pool [suggest], type [fixed], size [8], queue_size [1k]
[2016-02-17 11:20:14,264][DEBUG][org.elasticsearch.threadpool] [Blood Spider] creating thread_pool [percolate], type [fixed], size [8], queue_size [1k]
[2016-02-17 11:20:14,264][DEBUG][org.elasticsearch.threadpool] [Blood Spider] creating thread_pool [management], type [scaling], min [1], size [5], keep_alive [5m]
[2016-02-17 11:20:14,265][DEBUG][org.elasticsearch.threadpool] [Blood Spider] creating thread_pool [listener], type [fixed], size [4], queue_size [null]
[2016-02-17 11:20:14,265][DEBUG][org.elasticsearch.threadpool] [Blood Spider] creating thread_pool [flush], type [scaling], min [1], size [4], keep_alive [5m]
[2016-02-17 11:20:14,265][DEBUG][org.elasticsearch.threadpool] [Blood Spider] creating thread_pool [merge], type [scaling], min [1], size [4], keep_alive [5m]
[2016-02-17 11:20:14,265][DEBUG][org.elasticsearch.threadpool] [Blood Spider] creating thread_pool [refresh], type [scaling], min [1], size [4], keep_alive [5m]
[2016-02-17 11:20:14,265][DEBUG][org.elasticsearch.threadpool] [Blood Spider] creating thread_pool [warmer], type [scaling], min [1], size [4], keep_alive [5m]
[2016-02-17 11:20:14,265][DEBUG][org.elasticsearch.threadpool] [Blood Spider] creating thread_pool [snapshot], type [scaling], min [1], size [4], keep_alive [5m]
[2016-02-17 11:20:14,265][DEBUG][org.elasticsearch.threadpool] [Blood Spider] creating thread_pool [optimize], type [fixed], size [1], queue_size [null]
[2016-02-17 11:20:14,266][DEBUG][org.elasticsearch.threadpool] [Blood Spider] creating thread_pool [fetch_shard_started], type [scaling], min [1], size [16], keep_alive [5m]
[2016-02-17 11:20:14,266][DEBUG][org.elasticsearch.threadpool] [Blood Spider] creating thread_pool [fetch_shard_store], type [scaling], min [1], size [16], keep_alive [5m]
[2016-02-17 11:20:14,618][DEBUG][org.elasticsearch.common.netty] using gathering [true]
[2016-02-17 11:20:14,623][DEBUG][org.elasticsearch.client.transport] [Blood Spider] node_sampler_interval[5s]
[2016-02-17 11:20:14,637][DEBUG][org.elasticsearch.netty.channel.socket.nio.SelectorUtil] Using select timeout of 500
[2016-02-17 11:20:14,637][DEBUG][org.elasticsearch.netty.channel.socket.nio.SelectorUtil] Epoll-bug workaround enabled = false
[2016-02-17 11:20:14,667][DEBUG][org.elasticsearch.client.transport] [Blood Spider] adding address [[#transport#-1][pc-116-196.eduroam.uib.no][inet[pc-116-196.eduroam.uib.no/129.177.116.196:9300]]]
[2016-02-17 11:20:14,740][DEBUG][org.elasticsearch.transport.netty] [Blood Spider] connected to node [[#transport#-1][pc-116-196.eduroam.uib.no][inet[pc-116-196.eduroam.uib.no/129.177.116.196:9300]]]
[2016-02-17 11:20:14,812][DEBUG][org.elasticsearch.transport.netty] [Blood Spider] connected to node [[Frankie and Victoria][71skMuQgQ16JaPFzVX9AxA][pc-116-196.eduroam.uib.no][inet[pc-116-196.eduroam.uib.no/129.177.116.196:9300]]]
[2016-02-17 11:20:14,850][INFO ][no.uib.marcus.search.client.ClientFactory] Connected to Elasticsearch cluster: {
  "cluster_name" : "elasticsearch",
  "status" : "yellow",
  "timed_out" : false,
  "number_of_nodes" : 1,
  "number_of_data_nodes" : 1,
  "active_primary_shards" : 6,
  "active_shards" : 6,
  "relocating_shards" : 0,
  "initializing_shards" : 0,
  "unassigned_shards" : 6,
  "delayed_unassigned_shards" : 0,
  "number_of_pending_tasks" : 0,
  "number_of_in_flight_fetch" : 0
}
[2016-02-17 11:20:14,851][INFO ][no.uib.marcus.search.Suggestion] Suggest indices[Ljava.lang.String;@6e950bcf
[2016-02-17 11:20:14,868][INFO ][no.uib.marcus.search.Suggestion] ["Teisten","Torill Elise Endresen","Tanafjord","Tyskebryggen","Torhild Nilsen Bakka"]
[2016-02-17 11:25:47,718][DEBUG][org.elasticsearch.plugins] [Perseus] [/Users/hemed/Documents/Development/marcus-blackbox/plugins] directory does not exist.
[2016-02-17 11:25:47,719][DEBUG][org.elasticsearch.plugins] [Perseus] [/Users/hemed/Documents/Development/marcus-blackbox/plugins] directory does not exist.
[2016-02-17 11:25:47,719][INFO ][org.elasticsearch.plugins] [Perseus] loaded [], sites []
[2016-02-17 11:25:47,742][DEBUG][org.elasticsearch.common.compress.lzf] using encoder [VanillaChunkDecoder] and decoder[{}] 
[2016-02-17 11:25:47,748][DEBUG][org.elasticsearch.threadpool] [Perseus] creating thread_pool [generic], type [cached], keep_alive [30s]
[2016-02-17 11:25:47,755][DEBUG][org.elasticsearch.threadpool] [Perseus] creating thread_pool [index], type [fixed], size [8], queue_size [200]
[2016-02-17 11:25:47,756][DEBUG][org.elasticsearch.threadpool] [Perseus] creating thread_pool [bulk], type [fixed], size [8], queue_size [50]
[2016-02-17 11:25:47,756][DEBUG][org.elasticsearch.threadpool] [Perseus] creating thread_pool [get], type [fixed], size [8], queue_size [1k]
[2016-02-17 11:25:47,757][DEBUG][org.elasticsearch.threadpool] [Perseus] creating thread_pool [search], type [fixed], size [13], queue_size [1k]
[2016-02-17 11:25:47,757][DEBUG][org.elasticsearch.threadpool] [Perseus] creating thread_pool [suggest], type [fixed], size [8], queue_size [1k]
[2016-02-17 11:25:47,757][DEBUG][org.elasticsearch.threadpool] [Perseus] creating thread_pool [percolate], type [fixed], size [8], queue_size [1k]
[2016-02-17 11:25:47,757][DEBUG][org.elasticsearch.threadpool] [Perseus] creating thread_pool [management], type [scaling], min [1], size [5], keep_alive [5m]
[2016-02-17 11:25:47,758][DEBUG][org.elasticsearch.threadpool] [Perseus] creating thread_pool [listener], type [fixed], size [4], queue_size [null]
[2016-02-17 11:25:47,758][DEBUG][org.elasticsearch.threadpool] [Perseus] creating thread_pool [flush], type [scaling], min [1], size [4], keep_alive [5m]
[2016-02-17 11:25:47,758][DEBUG][org.elasticsearch.threadpool] [Perseus] creating thread_pool [merge], type [scaling], min [1], size [4], keep_alive [5m]
[2016-02-17 11:25:47,758][DEBUG][org.elasticsearch.threadpool] [Perseus] creating thread_pool [refresh], type [scaling], min [1], size [4], keep_alive [5m]
[2016-02-17 11:25:47,758][DEBUG][org.elasticsearch.threadpool] [Perseus] creating thread_pool [warmer], type [scaling], min [1], size [4], keep_alive [5m]
[2016-02-17 11:25:47,758][DEBUG][org.elasticsearch.threadpool] [Perseus] creating thread_pool [snapshot], type [scaling], min [1], size [4], keep_alive [5m]
[2016-02-17 11:25:47,758][DEBUG][org.elasticsearch.threadpool] [Perseus] creating thread_pool [optimize], type [fixed], size [1], queue_size [null]
[2016-02-17 11:25:47,758][DEBUG][org.elasticsearch.threadpool] [Perseus] creating thread_pool [fetch_shard_started], type [scaling], min [1], size [16], keep_alive [5m]
[2016-02-17 11:25:47,759][DEBUG][org.elasticsearch.threadpool] [Perseus] creating thread_pool [fetch_shard_store], type [scaling], min [1], size [16], keep_alive [5m]
[2016-02-17 11:25:48,111][DEBUG][org.elasticsearch.common.netty] using gathering [true]
[2016-02-17 11:25:48,115][DEBUG][org.elasticsearch.client.transport] [Perseus] node_sampler_interval[5s]
[2016-02-17 11:25:48,129][DEBUG][org.elasticsearch.netty.channel.socket.nio.SelectorUtil] Using select timeout of 500
[2016-02-17 11:25:48,129][DEBUG][org.elasticsearch.netty.channel.socket.nio.SelectorUtil] Epoll-bug workaround enabled = false
[2016-02-17 11:25:48,158][DEBUG][org.elasticsearch.client.transport] [Perseus] adding address [[#transport#-1][pc-116-196.eduroam.uib.no][inet[pc-116-196.eduroam.uib.no/129.177.116.196:9300]]]
[2016-02-17 11:25:48,228][DEBUG][org.elasticsearch.transport.netty] [Perseus] connected to node [[#transport#-1][pc-116-196.eduroam.uib.no][inet[pc-116-196.eduroam.uib.no/129.177.116.196:9300]]]
[2016-02-17 11:25:48,304][DEBUG][org.elasticsearch.transport.netty] [Perseus] connected to node [[Brigade][8DtWj7B9QS60V8nuxfIsqg][pc-116-196.eduroam.uib.no][inet[pc-116-196.eduroam.uib.no/129.177.116.196:9300]]]
[2016-02-17 11:25:48,341][INFO ][no.uib.marcus.search.client.ClientFactory] Connected to Elasticsearch cluster: {
  "cluster_name" : "elasticsearch",
  "status" : "yellow",
  "timed_out" : false,
  "number_of_nodes" : 1,
  "number_of_data_nodes" : 1,
  "active_primary_shards" : 6,
  "active_shards" : 6,
  "relocating_shards" : 0,
  "initializing_shards" : 0,
  "unassigned_shards" : 6,
  "delayed_unassigned_shards" : 0,
  "number_of_pending_tasks" : 0,
  "number_of_in_flight_fetch" : 0
}
[2016-02-17 11:25:48,346][INFO ][no.uib.marcus.search.Suggestion] Suggest indices{
  "suggest" : {
    "text" : "t",
    "completion_suggestion" : {
      "completion" : {
        "field" : "suggest"
      }
    }
  }
}
[2016-02-17 11:25:48,372][INFO ][no.uib.marcus.search.Suggestion] ["Teisten","Torill Elise Endresen","Tanafjord","Tyskebryggen","Torhild Nilsen Bakka"]
[2016-02-17 11:29:05,327][DEBUG][org.elasticsearch.plugins] [Stygorr] [/Users/hemed/Documents/Development/marcus-blackbox/plugins] directory does not exist.
[2016-02-17 11:29:05,329][DEBUG][org.elasticsearch.plugins] [Stygorr] [/Users/hemed/Documents/Development/marcus-blackbox/plugins] directory does not exist.
[2016-02-17 11:29:05,330][INFO ][org.elasticsearch.plugins] [Stygorr] loaded [], sites []
[2016-02-17 11:29:05,357][DEBUG][org.elasticsearch.common.compress.lzf] using encoder [VanillaChunkDecoder] and decoder[{}] 
[2016-02-17 11:29:05,363][DEBUG][org.elasticsearch.threadpool] [Stygorr] creating thread_pool [generic], type [cached], keep_alive [30s]
[2016-02-17 11:29:05,369][DEBUG][org.elasticsearch.threadpool] [Stygorr] creating thread_pool [index], type [fixed], size [8], queue_size [200]
[2016-02-17 11:29:05,371][DEBUG][org.elasticsearch.threadpool] [Stygorr] creating thread_pool [bulk], type [fixed], size [8], queue_size [50]
[2016-02-17 11:29:05,371][DEBUG][org.elasticsearch.threadpool] [Stygorr] creating thread_pool [get], type [fixed], size [8], queue_size [1k]
[2016-02-17 11:29:05,371][DEBUG][org.elasticsearch.threadpool] [Stygorr] creating thread_pool [search], type [fixed], size [13], queue_size [1k]
[2016-02-17 11:29:05,371][DEBUG][org.elasticsearch.threadpool] [Stygorr] creating thread_pool [suggest], type [fixed], size [8], queue_size [1k]
[2016-02-17 11:29:05,371][DEBUG][org.elasticsearch.threadpool] [Stygorr] creating thread_pool [percolate], type [fixed], size [8], queue_size [1k]
[2016-02-17 11:29:05,371][DEBUG][org.elasticsearch.threadpool] [Stygorr] creating thread_pool [management], type [scaling], min [1], size [5], keep_alive [5m]
[2016-02-17 11:29:05,372][DEBUG][org.elasticsearch.threadpool] [Stygorr] creating thread_pool [listener], type [fixed], size [4], queue_size [null]
[2016-02-17 11:29:05,372][DEBUG][org.elasticsearch.threadpool] [Stygorr] creating thread_pool [flush], type [scaling], min [1], size [4], keep_alive [5m]
[2016-02-17 11:29:05,372][DEBUG][org.elasticsearch.threadpool] [Stygorr] creating thread_pool [merge], type [scaling], min [1], size [4], keep_alive [5m]
[2016-02-17 11:29:05,372][DEBUG][org.elasticsearch.threadpool] [Stygorr] creating thread_pool [refresh], type [scaling], min [1], size [4], keep_alive [5m]
[2016-02-17 11:29:05,372][DEBUG][org.elasticsearch.threadpool] [Stygorr] creating thread_pool [warmer], type [scaling], min [1], size [4], keep_alive [5m]
[2016-02-17 11:29:05,372][DEBUG][org.elasticsearch.threadpool] [Stygorr] creating thread_pool [snapshot], type [scaling], min [1], size [4], keep_alive [5m]
[2016-02-17 11:29:05,373][DEBUG][org.elasticsearch.threadpool] [Stygorr] creating thread_pool [optimize], type [fixed], size [1], queue_size [null]
[2016-02-17 11:29:05,373][DEBUG][org.elasticsearch.threadpool] [Stygorr] creating thread_pool [fetch_shard_started], type [scaling], min [1], size [16], keep_alive [5m]
[2016-02-17 11:29:05,373][DEBUG][org.elasticsearch.threadpool] [Stygorr] creating thread_pool [fetch_shard_store], type [scaling], min [1], size [16], keep_alive [5m]
[2016-02-17 11:29:05,725][DEBUG][org.elasticsearch.common.netty] using gathering [true]
[2016-02-17 11:29:05,729][DEBUG][org.elasticsearch.client.transport] [Stygorr] node_sampler_interval[5s]
[2016-02-17 11:29:05,745][DEBUG][org.elasticsearch.netty.channel.socket.nio.SelectorUtil] Using select timeout of 500
[2016-02-17 11:29:05,745][DEBUG][org.elasticsearch.netty.channel.socket.nio.SelectorUtil] Epoll-bug workaround enabled = false
[2016-02-17 11:29:05,773][DEBUG][org.elasticsearch.client.transport] [Stygorr] adding address [[#transport#-1][pc-116-196.eduroam.uib.no][inet[pc-116-196.eduroam.uib.no/129.177.116.196:9300]]]
[2016-02-17 11:29:05,844][DEBUG][org.elasticsearch.transport.netty] [Stygorr] connected to node [[#transport#-1][pc-116-196.eduroam.uib.no][inet[pc-116-196.eduroam.uib.no/129.177.116.196:9300]]]
[2016-02-17 11:29:05,917][DEBUG][org.elasticsearch.transport.netty] [Stygorr] connected to node [[Kaine][6LzrKMVhQdq-cAuAtByOzQ][pc-116-196.eduroam.uib.no][inet[pc-116-196.eduroam.uib.no/129.177.116.196:9300]]]
[2016-02-17 11:29:05,959][INFO ][no.uib.marcus.search.client.ClientFactory] Connected to Elasticsearch cluster: {
  "cluster_name" : "elasticsearch",
  "status" : "yellow",
  "timed_out" : false,
  "number_of_nodes" : 1,
  "number_of_data_nodes" : 1,
  "active_primary_shards" : 6,
  "active_shards" : 6,
  "relocating_shards" : 0,
  "initializing_shards" : 0,
  "unassigned_shards" : 6,
  "delayed_unassigned_shards" : 0,
  "number_of_pending_tasks" : 0,
  "number_of_in_flight_fetch" : 0
}
[2016-02-17 11:29:05,964][INFO ][no.uib.marcus.search.Suggestion] Suggest indices{
  "suggest" : {
    "text" : "t",
    "completion_suggestion" : {
      "completion" : {
        "field" : "suggest"
      }
    }
  }
}
[2016-02-17 11:29:06,002][INFO ][no.uib.marcus.search.Suggestion] ["Teisten","Torill Elise Endresen","Tanafjord","Tyskebryggen","Torhild Nilsen Bakka"]
[2016-02-17 12:19:26,856][DEBUG][org.elasticsearch.plugins] [Boom Boy] [/Users/hemed/Documents/Development/marcus-blackbox/plugins] directory does not exist.
[2016-02-17 12:19:26,857][DEBUG][org.elasticsearch.plugins] [Boom Boy] [/Users/hemed/Documents/Development/marcus-blackbox/plugins] directory does not exist.
[2016-02-17 12:19:26,857][INFO ][org.elasticsearch.plugins] [Boom Boy] loaded [], sites []
[2016-02-17 12:19:26,881][DEBUG][org.elasticsearch.common.compress.lzf] using encoder [VanillaChunkDecoder] and decoder[{}] 
[2016-02-17 12:19:26,889][DEBUG][org.elasticsearch.threadpool] [Boom Boy] creating thread_pool [generic], type [cached], keep_alive [30s]
[2016-02-17 12:19:26,895][DEBUG][org.elasticsearch.threadpool] [Boom Boy] creating thread_pool [index], type [fixed], size [8], queue_size [200]
[2016-02-17 12:19:26,897][DEBUG][org.elasticsearch.threadpool] [Boom Boy] creating thread_pool [bulk], type [fixed], size [8], queue_size [50]
[2016-02-17 12:19:26,897][DEBUG][org.elasticsearch.threadpool] [Boom Boy] creating thread_pool [get], type [fixed], size [8], queue_size [1k]
[2016-02-17 12:19:26,897][DEBUG][org.elasticsearch.threadpool] [Boom Boy] creating thread_pool [search], type [fixed], size [13], queue_size [1k]
[2016-02-17 12:19:26,897][DEBUG][org.elasticsearch.threadpool] [Boom Boy] creating thread_pool [suggest], type [fixed], size [8], queue_size [1k]
[2016-02-17 12:19:26,897][DEBUG][org.elasticsearch.threadpool] [Boom Boy] creating thread_pool [percolate], type [fixed], size [8], queue_size [1k]
[2016-02-17 12:19:26,897][DEBUG][org.elasticsearch.threadpool] [Boom Boy] creating thread_pool [management], type [scaling], min [1], size [5], keep_alive [5m]
[2016-02-17 12:19:26,898][DEBUG][org.elasticsearch.threadpool] [Boom Boy] creating thread_pool [listener], type [fixed], size [4], queue_size [null]
[2016-02-17 12:19:26,898][DEBUG][org.elasticsearch.threadpool] [Boom Boy] creating thread_pool [flush], type [scaling], min [1], size [4], keep_alive [5m]
[2016-02-17 12:19:26,898][DEBUG][org.elasticsearch.threadpool] [Boom Boy] creating thread_pool [merge], type [scaling], min [1], size [4], keep_alive [5m]
[2016-02-17 12:19:26,899][DEBUG][org.elasticsearch.threadpool] [Boom Boy] creating thread_pool [refresh], type [scaling], min [1], size [4], keep_alive [5m]
[2016-02-17 12:19:26,899][DEBUG][org.elasticsearch.threadpool] [Boom Boy] creating thread_pool [warmer], type [scaling], min [1], size [4], keep_alive [5m]
[2016-02-17 12:19:26,899][DEBUG][org.elasticsearch.threadpool] [Boom Boy] creating thread_pool [snapshot], type [scaling], min [1], size [4], keep_alive [5m]
[2016-02-17 12:19:26,899][DEBUG][org.elasticsearch.threadpool] [Boom Boy] creating thread_pool [optimize], type [fixed], size [1], queue_size [null]
[2016-02-17 12:19:26,900][DEBUG][org.elasticsearch.threadpool] [Boom Boy] creating thread_pool [fetch_shard_started], type [scaling], min [1], size [16], keep_alive [5m]
[2016-02-17 12:19:26,900][DEBUG][org.elasticsearch.threadpool] [Boom Boy] creating thread_pool [fetch_shard_store], type [scaling], min [1], size [16], keep_alive [5m]
[2016-02-17 12:19:27,255][DEBUG][org.elasticsearch.common.netty] using gathering [true]
[2016-02-17 12:19:27,260][DEBUG][org.elasticsearch.client.transport] [Boom Boy] node_sampler_interval[5s]
[2016-02-17 12:19:27,276][DEBUG][org.elasticsearch.netty.channel.socket.nio.SelectorUtil] Using select timeout of 500
[2016-02-17 12:19:27,276][DEBUG][org.elasticsearch.netty.channel.socket.nio.SelectorUtil] Epoll-bug workaround enabled = false
[2016-02-17 12:19:27,305][DEBUG][org.elasticsearch.client.transport] [Boom Boy] adding address [[#transport#-1][Hemeds-MacBook-Pro.local][inet[Hemeds-MacBook-Pro.local/169.254.195.102:9300]]]
[2016-02-17 12:19:27,385][DEBUG][org.elasticsearch.transport.netty] [Boom Boy] connected to node [[#transport#-1][Hemeds-MacBook-Pro.local][inet[Hemeds-MacBook-Pro.local/169.254.195.102:9300]]]
[2016-02-17 12:19:27,458][DEBUG][org.elasticsearch.transport.netty] [Boom Boy] connected to node [[Kaine][6LzrKMVhQdq-cAuAtByOzQ][pc-116-196.eduroam.uib.no][inet[Hemeds-MacBook-Pro.local/169.254.195.102:9300]]]
[2016-02-17 12:19:27,496][INFO ][no.uib.marcus.search.client.ClientFactory] Connected to Elasticsearch cluster: {
  "cluster_name" : "elasticsearch",
  "status" : "yellow",
  "timed_out" : false,
  "number_of_nodes" : 1,
  "number_of_data_nodes" : 1,
  "active_primary_shards" : 6,
  "active_shards" : 6,
  "relocating_shards" : 0,
  "initializing_shards" : 0,
  "unassigned_shards" : 6,
  "delayed_unassigned_shards" : 0,
  "number_of_pending_tasks" : 0,
  "number_of_in_flight_fetch" : 0
}
[2016-02-17 12:19:27,497][INFO ][no.uib.marcus.search.Suggestion] Suggest indices[Ljava.lang.String;@6e950bcf
[2016-02-17 12:19:27,516][INFO ][no.uib.marcus.search.Suggestion] ["Teisten","Torill Elise Endresen","Tanafjord","Tyskebryggen","Torhild Nilsen Bakka"]
